<?xml version="1.0" encoding="UTF-8"?>
<!-- Generated by org.testng.reporters.JUnitXMLReporter -->
<testsuite ignored="0" hostname="DESKTOP-UUGSSKP" failures="1" tests="18" name="Test" time="787.68" errors="0" timestamp="2020-05-12T03:54:58 EDT">
  <testcase classname="com.empdataapi.testcases.TC1_Get_All_Employee_Data" name="checkResponseBody" time="5.028"/>
  <testcase classname="com.empdataapi.testcases.TC1_Get_All_Employee_Data" name="checkStatusCode" time="5.003"/>
  <testcase classname="com.empdataapi.testcases.TC1_Get_All_Employee_Data" name="checkStatusLine" time="5.002"/>
  <testcase classname="com.empdataapi.testcases.TC1_Get_All_Employee_Data" name="checkContentType" time="5.002"/>
  <testcase classname="com.empdataapi.testcases.TC1_Get_All_Employee_Data" name="checkServerType" time="5.002"/>
  <testcase classname="com.empdataapi.testcases.TC1_Get_All_Employee_Data" name="checkContentEncoding" time="5.002"/>
  <testcase classname="com.empdataapi.testcases.TC1_Get_All_Employee_Data" name="checkContentLength" time="5.003"/>
  <testcase classname="com.empdataapi.testcases.TC1_Get_All_Employee_Data" name="checkAllEmpData" time="243.266"/>
  <testcase classname="com.empdataapi.testcases.TC2_Get_Single_Employee_Data" name="getEmployee" time="5.878">
    <failure type="java.lang.NullPointerException">
      <![CDATA[java.lang.NullPointerException
at com.empdataapi.testcases.TC2_Get_Single_Employee_Data.checkResponseBody(TC2_Get_Single_Employee_Data.java:63)
at com.empdataapi.testcases.TC2_Get_Single_Employee_Data.callMethods(TC2_Get_Single_Employee_Data.java:46)
at com.empdataapi.testcases.TC2_Get_Single_Employee_Data.getEmployee(TC2_Get_Single_Employee_Data.java:41)
at java.base/java.util.ArrayList.forEach(ArrayList.java:1507)
... Removed 27 stack frames]]>
    </failure>
  </testcase> <!-- getEmployee -->
  <testcase classname="com.empdataapi.testcases.TC2_Get_Single_Employee_Data" name="getEmployee" time="55.906"/>
  <testcase classname="com.empdataapi.testcases.TC2_Get_Single_Employee_Data" name="getEmployee" time="56.379"/>
  <testcase classname="com.empdataapi.testcases.TC2_Get_Single_Employee_Data" name="getEmployee" time="55.646"/>
  <testcase classname="com.empdataapi.testcases.TC2_Get_Single_Employee_Data" name="getEmployee" time="55.925"/>
  <testcase classname="com.empdataapi.testcases.TC2_Get_Single_Employee_Data" name="getEmployee" time="57.092"/>
  <testcase classname="com.empdataapi.testcases.TC2_Get_Single_Employee_Data" name="getEmployee" time="55.834"/>
  <testcase classname="com.empdataapi.testcases.TC2_Get_Single_Employee_Data" name="getEmployee" time="55.596"/>
  <testcase classname="com.empdataapi.testcases.TC3_Create_New_Employee" name="postEmployee" time="50.849"/>
  <testcase classname="com.empdataapi.testcases.TC3_Create_New_Employee" name="postEmployee" time="50.589"/>
</testsuite> <!-- Test -->
