<?xml version="1.0" encoding="UTF-8"?>
<!-- Generated by org.testng.reporters.JUnitXMLReporter -->
<testsuite ignored="0" hostname="DESKTOP-UUGSSKP" failures="1" tests="1" name="Test(failed)" time="1.881" errors="0" timestamp="2020-05-11T17:12:49 EDT">
  <testcase classname="com.empdataapi.testcases.TC2_Get_Single_Employee_Data" name="getEmployee" time="1.776">
    <failure type="org.testng.internal.reflect.MethodMatcherException" message="
[void com.empdataapi.testcases.TC2_Get_Single_Employee_Data.getEmployee(java.lang.String,java.lang.String,java.lang.String,java.lang.String,int,java.lang.String,java.lang.String,java.lang.String,java.lang.String,int) throws java.lang.InterruptedException] has no parameters defined but was found to be using a data provider (either explicitly specified or inherited from class level annotation).
Data provider mismatch
Method: getEmployee([Parameter{index=0, type=java.lang.String, declaredAnnotations=[]}, Parameter{index=1, type=java.lang.String, declaredAnnotations=[]}, Parameter{index=2, type=java.lang.String, declaredAnnotations=[]}, Parameter{index=3, type=java.lang.String, declaredAnnotations=[]}, Parameter{index=4, type=int, declaredAnnotations=[]}, Parameter{index=5, type=java.lang.String, declaredAnnotations=[]}, Parameter{index=6, type=java.lang.String, declaredAnnotations=[]}, Parameter{index=7, type=java.lang.String, declaredAnnotations=[]}, Parameter{index=8, type=java.lang.String, declaredAnnotations=[]}, Parameter{index=9, type=int, declaredAnnotations=[]}])
Arguments: [(java.lang.String) 1,(java.lang.String) Tiger Nixon,(java.lang.String) 320800,(java.lang.String) 61,(java.lang.String) 200,(java.lang.String) HTTP/1.1 200 OK,(java.lang.String) text/html;charset=UTF-8,(java.lang.String) nginx/1.14.1,(java.lang.String) gzip,(java.lang.String) 140]">
      <![CDATA[org.testng.internal.reflect.MethodMatcherException: 
[void com.empdataapi.testcases.TC2_Get_Single_Employee_Data.getEmployee(java.lang.String,java.lang.String,java.lang.String,java.lang.String,int,java.lang.String,java.lang.String,java.lang.String,java.lang.String,int) throws java.lang.InterruptedException] has no parameters defined but was found to be using a data provider (either explicitly specified or inherited from class level annotation).
Data provider mismatch
Method: getEmployee([Parameter{index=0, type=java.lang.String, declaredAnnotations=[]}, Parameter{index=1, type=java.lang.String, declaredAnnotations=[]}, Parameter{index=2, type=java.lang.String, declaredAnnotations=[]}, Parameter{index=3, type=java.lang.String, declaredAnnotations=[]}, Parameter{index=4, type=int, declaredAnnotations=[]}, Parameter{index=5, type=java.lang.String, declaredAnnotations=[]}, Parameter{index=6, type=java.lang.String, declaredAnnotations=[]}, Parameter{index=7, type=java.lang.String, declaredAnnotations=[]}, Parameter{index=8, type=java.lang.String, declaredAnnotations=[]}, Parameter{index=9, type=int, declaredAnnotations=[]}])
Arguments: [(java.lang.String) 1,(java.lang.String) Tiger Nixon,(java.lang.String) 320800,(java.lang.String) 61,(java.lang.String) 200,(java.lang.String) HTTP/1.1 200 OK,(java.lang.String) text/html;charset=UTF-8,(java.lang.String) nginx/1.14.1,(java.lang.String) gzip,(java.lang.String) 140]
at java.base/java.util.ArrayList.forEach(ArrayList.java:1507)
... Removed 22 stack frames]]>
    </failure>
  </testcase> <!-- getEmployee -->
</testsuite> <!-- Test(failed) -->
