<?xml version="1.0" encoding="UTF-8"?>
<!-- Generated by org.testng.reporters.JUnitXMLReporter -->
<testsuite ignored="0" hostname="DESKTOP-UUGSSKP" failures="0" tests="7" name="Test" time="41.892" errors="0" timestamp="2020-05-09T10:01:09 EDT">
  <testcase classname="com.empdataapi.testcases.TC1_Get_All_Employee_Data" name="checkResponseBody" time="5.023"/>
  <testcase classname="com.empdataapi.testcases.TC1_Get_All_Employee_Data" name="checkStatusCode" time="5.002"/>
  <testcase classname="com.empdataapi.testcases.TC1_Get_All_Employee_Data" name="checkStatusLine" time="5.001"/>
  <testcase classname="com.empdataapi.testcases.TC1_Get_All_Employee_Data" name="checkContentType" time="5.001"/>
  <testcase classname="com.empdataapi.testcases.TC1_Get_All_Employee_Data" name="checkServerType" time="5.003"/>
  <testcase classname="com.empdataapi.testcases.TC1_Get_All_Employee_Data" name="checkContentEncoding" time="5.001"/>
  <testcase classname="com.empdataapi.testcases.TC1_Get_All_Employee_Data" name="checkContentLength" time="5.002"/>
</testsuite> <!-- Test -->
