<?xml version="1.0" encoding="UTF-8"?>
<testsuite xmlns:xsi="http://www.w3.org/2001/XMLSchema-instance" xsi:noNamespaceSchemaLocation="https://maven.apache.org/surefire/maven-surefire-plugin/xsd/surefire-test-report.xsd" name="TestSuite" time="42.498" tests="7" errors="0" skipped="0" failures="0">
  <properties>
[...]
</properties>
  <testcase name="checkResponseBody" classname="com.empdataapi.testcases.TC1_Get_All_Employee_Data" time="5.026"/>
  <testcase name="checkStatusCode" classname="com.empdataapi.testcases.TC1_Get_All_Employee_Data" time="5.003"/>
  <testcase name="checkStatusLine" classname="com.empdataapi.testcases.TC1_Get_All_Employee_Data" time="5.001"/>
  <testcase name="checkContentType" classname="com.empdataapi.testcases.TC1_Get_All_Employee_Data" time="5.001"/>
  <testcase name="checkServerType" classname="com.empdataapi.testcases.TC1_Get_All_Employee_Data" time="5.003"/>
  <testcase name="checkContentEncoding" classname="com.empdataapi.testcases.TC1_Get_All_Employee_Data" time="5"/>
  <testcase name="checkContentLength" classname="com.empdataapi.testcases.TC1_Get_All_Employee_Data" time="5.001"/>
</testsuite>